мар. 23, 2023 12:43:28 AM Task02_02 writeLog
INFO: Меняем местами "345" и "87": [10 57 345 87 88 34 2 11 12 15 ]

мар. 23, 2023 12:43:28 AM Task02_02 writeLog
INFO: Меняем местами "345" и "88": [10 57 87 345 88 34 2 11 12 15 ]

мар. 23, 2023 12:43:28 AM Task02_02 writeLog
INFO: Меняем местами "345" и "34": [10 57 87 88 345 34 2 11 12 15 ]

мар. 23, 2023 12:43:28 AM Task02_02 writeLog
INFO: Меняем местами "345" и "2": [10 57 87 88 34 345 2 11 12 15 ]

мар. 23, 2023 12:43:28 AM Task02_02 writeLog
INFO: Меняем местами "345" и "11": [10 57 87 88 34 2 345 11 12 15 ]

мар. 23, 2023 12:43:28 AM Task02_02 writeLog
INFO: Меняем местами "345" и "12": [10 57 87 88 34 2 11 345 12 15 ]

мар. 23, 2023 12:43:28 AM Task02_02 writeLog
INFO: Меняем местами "345" и "15": [10 57 87 88 34 2 11 12 345 15 ]

мар. 23, 2023 12:43:28 AM Task02_02 writeLog
INFO: Меняем местами "88" и "34": [10 57 87 88 34 2 11 12 15 345 ]

мар. 23, 2023 12:43:28 AM Task02_02 writeLog
INFO: Меняем местами "88" и "2": [10 57 87 34 88 2 11 12 15 345 ]

мар. 23, 2023 12:43:28 AM Task02_02 writeLog
INFO: Меняем местами "88" и "11": [10 57 87 34 2 88 11 12 15 345 ]

мар. 23, 2023 12:43:28 AM Task02_02 writeLog
INFO: Меняем местами "88" и "12": [10 57 87 34 2 11 88 12 15 345 ]

мар. 23, 2023 12:43:28 AM Task02_02 writeLog
INFO: Меняем местами "88" и "15": [10 57 87 34 2 11 12 88 15 345 ]

мар. 23, 2023 12:43:28 AM Task02_02 writeLog
INFO: Меняем местами "87" и "34": [10 57 87 34 2 11 12 15 88 345 ]

мар. 23, 2023 12:43:28 AM Task02_02 writeLog
INFO: Меняем местами "87" и "2": [10 57 34 87 2 11 12 15 88 345 ]

мар. 23, 2023 12:43:28 AM Task02_02 writeLog
INFO: Меняем местами "87" и "11": [10 57 34 2 87 11 12 15 88 345 ]

мар. 23, 2023 12:43:28 AM Task02_02 writeLog
INFO: Меняем местами "87" и "12": [10 57 34 2 11 87 12 15 88 345 ]

мар. 23, 2023 12:43:28 AM Task02_02 writeLog
INFO: Меняем местами "87" и "15": [10 57 34 2 11 12 87 15 88 345 ]

мар. 23, 2023 12:43:28 AM Task02_02 writeLog
INFO: Меняем местами "57" и "34": [10 57 34 2 11 12 15 87 88 345 ]

мар. 23, 2023 12:43:28 AM Task02_02 writeLog
INFO: Меняем местами "57" и "2": [10 34 57 2 11 12 15 87 88 345 ]

мар. 23, 2023 12:43:28 AM Task02_02 writeLog
INFO: Меняем местами "57" и "11": [10 34 2 57 11 12 15 87 88 345 ]

мар. 23, 2023 12:43:28 AM Task02_02 writeLog
INFO: Меняем местами "57" и "12": [10 34 2 11 57 12 15 87 88 345 ]

мар. 23, 2023 12:43:28 AM Task02_02 writeLog
INFO: Меняем местами "57" и "15": [10 34 2 11 12 57 15 87 88 345 ]

мар. 23, 2023 12:43:28 AM Task02_02 writeLog
INFO: Меняем местами "34" и "2": [10 34 2 11 12 15 57 87 88 345 ]

мар. 23, 2023 12:43:28 AM Task02_02 writeLog
INFO: Меняем местами "34" и "11": [10 2 34 11 12 15 57 87 88 345 ]

мар. 23, 2023 12:43:28 AM Task02_02 writeLog
INFO: Меняем местами "34" и "12": [10 2 11 34 12 15 57 87 88 345 ]

мар. 23, 2023 12:43:28 AM Task02_02 writeLog
INFO: Меняем местами "34" и "15": [10 2 11 12 34 15 57 87 88 345 ]

мар. 23, 2023 12:43:28 AM Task02_02 writeLog
INFO: Меняем местами "10" и "2": [10 2 11 12 15 34 57 87 88 345 ]

